<?xml version="1.0" encoding="UTF-8"?>
<!-- Generated by org.testng.reporters.JUnitReportReporter -->
<testsuite skipped="0" hostname="DESKTOP-35QE28J" name="tests.ParallelExecution" tests="3" failures="0" timestamp="12 Jul 2020 19:56:31 GMT" time="42.393" errors="0">
  <testcase name="fireFoxBrowser" time="12.842" classname="tests.ParallelExecution"/>
  <testcase name="internetExpBrowser" time="16.711" classname="tests.ParallelExecution"/>
  <testcase name="chromeBrowser" time="12.840" classname="tests.ParallelExecution"/>
</testsuite> <!-- tests.ParallelExecution -->
